2024-04-10 14:04:34 URL:http://ftpmaster.internal/ubuntu/dists/jammy/InRelease [270087/270087] -> "/build/chroot/var/lib/apt/lists/partial/ftpmaster.internal_ubuntu_dists_jammy_InRelease" [1]
gpgv: Signature made Thu Apr 21 17:16:39 2022 UTC
gpgv:                using RSA key 871920D1991BC93C
gpgv: Good signature from "Ubuntu Archive Automatic Signing Key (2018) <ftpmaster@ubuntu.com>"
2024-04-10 14:04:35 URL:http://ftpmaster.internal/ubuntu/dists/jammy/main/binary-armhf/by-hash/SHA256/b37c1e87fac4baad24ac81a991012b8c4479195524dea699b5e93b50450311ce [1323360/1323360] -> "/build/chroot/var/lib/apt/lists/partial/ftpmaster.internal_ubuntu_dists_jammy_main_binary-armhf_Packages.xz" [1]
2024-04-10 14:04:35 URL:http://ftpmaster.internal/ubuntu/dists/jammy/restricted/binary-armhf/by-hash/SHA256/895afbcd68b96d21f48c4e6a19798db4accfaccbddcf35c44369bd9770dbb421 [10864/10864] -> "/build/chroot/var/lib/apt/lists/partial/ftpmaster.internal_ubuntu_dists_jammy_restricted_binary-armhf_Packages.xz" [1]
2024-04-10 14:04:37 URL:http://ftpmaster.internal/ubuntu/pool/main/a/adduser/adduser_3.118ubuntu5_all.deb [155528/155528] -> "/build/chroot//var/cache/apt/archives/partial/adduser_3.118ubuntu5_all.deb" [1]
2024-04-10 14:04:38 URL:http://ftpmaster.internal/ubuntu/pool/main/a/apt/apt_2.4.5_armhf.deb [1368902/1368902] -> "/build/chroot//var/cache/apt/archives/partial/apt_2.4.5_armhf.deb" [1]
2024-04-10 14:04:38 URL:http://ftpmaster.internal/ubuntu/pool/main/b/base-files/base-files_12ubuntu4_armhf.deb [62654/62654] -> "/build/chroot//var/cache/apt/archives/partial/base-files_12ubuntu4_armhf.deb" [1]
2024-04-10 14:04:38 URL:http://ftpmaster.internal/ubuntu/pool/main/b/base-passwd/base-passwd_3.5.52build1_armhf.deb [49178/49178] -> "/build/chroot//var/cache/apt/archives/partial/base-passwd_3.5.52build1_armhf.deb" [1]
2024-04-10 14:04:39 URL:http://ftpmaster.internal/ubuntu/pool/main/b/bash/bash_5.1-6ubuntu1_armhf.deb [655202/655202] -> "/build/chroot//var/cache/apt/archives/partial/bash_5.1-6ubuntu1_armhf.deb" [1]
2024-04-10 14:04:39 URL:http://ftpmaster.internal/ubuntu/pool/main/u/util-linux/bsdutils_2.37.2-4ubuntu3_armhf.deb [87046/87046] -> "/build/chroot//var/cache/apt/archives/partial/bsdutils_1%3a2.37.2-4ubuntu3_armhf.deb" [1]
2024-04-10 14:04:40 URL:http://ftpmaster.internal/ubuntu/pool/main/c/coreutils/coreutils_8.32-4.1ubuntu1_armhf.deb [1301212/1301212] -> "/build/chroot//var/cache/apt/archives/partial/coreutils_8.32-4.1ubuntu1_armhf.deb" [1]
2024-04-10 14:04:40 URL:http://ftpmaster.internal/ubuntu/pool/main/d/dash/dash_0.5.11+git20210903+057cd650a4ed-3build1_armhf.deb [83830/83830] -> "/build/chroot//var/cache/apt/archives/partial/dash_0.5.11+git20210903+057cd650a4ed-3build1_armhf.deb" [1]
2024-04-10 14:04:40 URL:http://ftpmaster.internal/ubuntu/pool/main/d/debconf/debconf_1.5.79ubuntu1_all.deb [126202/126202] -> "/build/chroot//var/cache/apt/archives/partial/debconf_1.5.79ubuntu1_all.deb" [1]
2024-04-10 14:04:41 URL:http://ftpmaster.internal/ubuntu/pool/main/d/debianutils/debianutils_5.5-1ubuntu2_armhf.deb [105734/105734] -> "/build/chroot//var/cache/apt/archives/partial/debianutils_5.5-1ubuntu2_armhf.deb" [1]
2024-04-10 14:04:41 URL:http://ftpmaster.internal/ubuntu/pool/main/d/diffutils/diffutils_3.8-0ubuntu2_armhf.deb [163670/163670] -> "/build/chroot//var/cache/apt/archives/partial/diffutils_1%3a3.8-0ubuntu2_armhf.deb" [1]
2024-04-10 14:04:41 URL:http://ftpmaster.internal/ubuntu/pool/main/d/dpkg/dpkg_1.21.1ubuntu2_armhf.deb [1189892/1189892] -> "/build/chroot//var/cache/apt/archives/partial/dpkg_1.21.1ubuntu2_armhf.deb" [1]
2024-04-10 14:04:42 URL:http://ftpmaster.internal/ubuntu/pool/main/e/e2fsprogs/e2fsprogs_1.46.5-2ubuntu1_armhf.deb [566414/566414] -> "/build/chroot//var/cache/apt/archives/partial/e2fsprogs_1.46.5-2ubuntu1_armhf.deb" [1]
2024-04-10 14:04:42 URL:http://ftpmaster.internal/ubuntu/pool/main/f/findutils/findutils_4.8.0-1ubuntu3_armhf.deb [322722/322722] -> "/build/chroot//var/cache/apt/archives/partial/findutils_4.8.0-1ubuntu3_armhf.deb" [1]
2024-04-10 14:04:43 URL:http://ftpmaster.internal/ubuntu/pool/main/g/gcc-12/gcc-12-base_12-20220319-1ubuntu1_armhf.deb [18880/18880] -> "/build/chroot//var/cache/apt/archives/partial/gcc-12-base_12-20220319-1ubuntu1_armhf.deb" [1]
2024-04-10 14:04:43 URL:http://ftpmaster.internal/ubuntu/pool/main/g/gnupg2/gpgv_2.2.27-3ubuntu2_armhf.deb [185578/185578] -> "/build/chroot//var/cache/apt/archives/partial/gpgv_2.2.27-3ubuntu2_armhf.deb" [1]
2024-04-10 14:04:43 URL:http://ftpmaster.internal/ubuntu/pool/main/g/grep/grep_3.7-1build1_armhf.deb [150376/150376] -> "/build/chroot//var/cache/apt/archives/partial/grep_3.7-1build1_armhf.deb" [1]
2024-04-10 14:04:44 URL:http://ftpmaster.internal/ubuntu/pool/main/g/gzip/gzip_1.10-4ubuntu4_armhf.deb [95276/95276] -> "/build/chroot//var/cache/apt/archives/partial/gzip_1.10-4ubuntu4_armhf.deb" [1]
2024-04-10 14:04:44 URL:http://ftpmaster.internal/ubuntu/pool/main/h/hostname/hostname_3.23ubuntu2_armhf.deb [10676/10676] -> "/build/chroot//var/cache/apt/archives/partial/hostname_3.23ubuntu2_armhf.deb" [1]
2024-04-10 14:04:44 URL:http://ftpmaster.internal/ubuntu/pool/main/i/init-system-helpers/init-system-helpers_1.62_all.deb [38498/38498] -> "/build/chroot//var/cache/apt/archives/partial/init-system-helpers_1.62_all.deb" [1]
2024-04-10 14:04:44 URL:http://ftpmaster.internal/ubuntu/pool/main/a/acl/libacl1_2.3.1-1_armhf.deb [14924/14924] -> "/build/chroot//var/cache/apt/archives/partial/libacl1_2.3.1-1_armhf.deb" [1]
2024-04-10 14:04:45 URL:http://ftpmaster.internal/ubuntu/pool/main/a/apt/libapt-pkg6.0_2.4.5_armhf.deb [898692/898692] -> "/build/chroot//var/cache/apt/archives/partial/libapt-pkg6.0_2.4.5_armhf.deb" [1]
2024-04-10 14:04:45 URL:http://ftpmaster.internal/ubuntu/pool/main/a/attr/libattr1_2.5.1-1build1_armhf.deb [12090/12090] -> "/build/chroot//var/cache/apt/archives/partial/libattr1_1%3a2.5.1-1build1_armhf.deb" [1]
2024-04-10 14:04:45 URL:http://ftpmaster.internal/ubuntu/pool/main/a/audit/libaudit-common_3.0.7-1build1_all.deb [4726/4726] -> "/build/chroot//var/cache/apt/archives/partial/libaudit-common_1%3a3.0.7-1build1_all.deb" [1]
2024-04-10 14:04:45 URL:http://ftpmaster.internal/ubuntu/pool/main/a/audit/libaudit1_3.0.7-1build1_armhf.deb [43582/43582] -> "/build/chroot//var/cache/apt/archives/partial/libaudit1_1%3a3.0.7-1build1_armhf.deb" [1]
2024-04-10 14:04:46 URL:http://ftpmaster.internal/ubuntu/pool/main/u/util-linux/libblkid1_2.37.2-4ubuntu3_armhf.deb [136374/136374] -> "/build/chroot//var/cache/apt/archives/partial/libblkid1_2.37.2-4ubuntu3_armhf.deb" [1]
2024-04-10 14:04:46 URL:http://ftpmaster.internal/ubuntu/pool/main/b/bzip2/libbz2-1.0_1.0.8-5build1_armhf.deb [31698/31698] -> "/build/chroot//var/cache/apt/archives/partial/libbz2-1.0_1.0.8-5build1_armhf.deb" [1]
2024-04-10 14:04:46 URL:http://ftpmaster.internal/ubuntu/pool/main/g/glibc/libc-bin_2.35-0ubuntu3_armhf.deb [545796/545796] -> "/build/chroot//var/cache/apt/archives/partial/libc-bin_2.35-0ubuntu3_armhf.deb" [1]
2024-04-10 14:04:47 URL:http://ftpmaster.internal/ubuntu/pool/main/g/glibc/libc6_2.35-0ubuntu3_armhf.deb [2517410/2517410] -> "/build/chroot//var/cache/apt/archives/partial/libc6_2.35-0ubuntu3_armhf.deb" [1]
2024-04-10 14:04:48 URL:http://ftpmaster.internal/ubuntu/pool/main/libc/libcap-ng/libcap-ng0_0.7.9-2.2build3_armhf.deb [10092/10092] -> "/build/chroot//var/cache/apt/archives/partial/libcap-ng0_0.7.9-2.2build3_armhf.deb" [1]
2024-04-10 14:04:48 URL:http://ftpmaster.internal/ubuntu/pool/main/libc/libcap2/libcap2_2.44-1build3_armhf.deb [15334/15334] -> "/build/chroot//var/cache/apt/archives/partial/libcap2_1%3a2.44-1build3_armhf.deb" [1]
2024-04-10 14:04:48 URL:http://ftpmaster.internal/ubuntu/pool/main/e/e2fsprogs/libcom-err2_1.46.5-2ubuntu1_armhf.deb [9002/9002] -> "/build/chroot//var/cache/apt/archives/partial/libcom-err2_1.46.5-2ubuntu1_armhf.deb" [1]
2024-04-10 14:04:48 URL:http://ftpmaster.internal/ubuntu/pool/main/libx/libxcrypt/libcrypt1_4.4.27-1_armhf.deb [93950/93950] -> "/build/chroot//var/cache/apt/archives/partial/libcrypt1_1%3a4.4.27-1_armhf.deb" [1]
2024-04-10 14:04:49 URL:http://ftpmaster.internal/ubuntu/pool/main/d/db5.3/libdb5.3_5.3.28+dfsg1-0.8ubuntu3_armhf.deb [647876/647876] -> "/build/chroot//var/cache/apt/archives/partial/libdb5.3_5.3.28+dfsg1-0.8ubuntu3_armhf.deb" [1]
2024-04-10 14:04:49 URL:http://ftpmaster.internal/ubuntu/pool/main/c/cdebconf/libdebconfclient0_0.261ubuntu1_armhf.deb [6552/6552] -> "/build/chroot//var/cache/apt/archives/partial/libdebconfclient0_0.261ubuntu1_armhf.deb" [1]
2024-04-10 14:04:49 URL:http://ftpmaster.internal/ubuntu/pool/main/e/e2fsprogs/libext2fs2_1.46.5-2ubuntu1_armhf.deb [191164/191164] -> "/build/chroot//var/cache/apt/archives/partial/libext2fs2_1.46.5-2ubuntu1_armhf.deb" [1]
2024-04-10 14:04:49 URL:http://ftpmaster.internal/ubuntu/pool/main/libf/libffi/libffi8_3.4.2-4_armhf.deb [18958/18958] -> "/build/chroot//var/cache/apt/archives/partial/libffi8_3.4.2-4_armhf.deb" [1]
2024-04-10 14:04:50 URL:http://ftpmaster.internal/ubuntu/pool/main/g/gcc-12/libgcc-s1_12-20220319-1ubuntu1_armhf.deb [42686/42686] -> "/build/chroot//var/cache/apt/archives/partial/libgcc-s1_12-20220319-1ubuntu1_armhf.deb" [1]
2024-04-10 14:04:50 URL:http://ftpmaster.internal/ubuntu/pool/main/libg/libgcrypt20/libgcrypt20_1.9.4-3ubuntu3_armhf.deb [439118/439118] -> "/build/chroot//var/cache/apt/archives/partial/libgcrypt20_1.9.4-3ubuntu3_armhf.deb" [1]
2024-04-10 14:04:51 URL:http://ftpmaster.internal/ubuntu/pool/main/g/gmp/libgmp10_6.2.1+dfsg-3ubuntu1_armhf.deb [204578/204578] -> "/build/chroot//var/cache/apt/archives/partial/libgmp10_2%3a6.2.1+dfsg-3ubuntu1_armhf.deb" [1]
2024-04-10 14:04:52 URL:http://ftpmaster.internal/ubuntu/pool/main/g/gnutls28/libgnutls30_3.7.3-4ubuntu1_armhf.deb [933870/933870] -> "/build/chroot//var/cache/apt/archives/partial/libgnutls30_3.7.3-4ubuntu1_armhf.deb" [1]
2024-04-10 14:04:52 URL:http://ftpmaster.internal/ubuntu/pool/main/libg/libgpg-error/libgpg-error0_1.43-3_armhf.deb [61874/61874] -> "/build/chroot//var/cache/apt/archives/partial/libgpg-error0_1.43-3_armhf.deb" [1]
2024-04-10 14:04:52 URL:http://ftpmaster.internal/ubuntu/pool/main/k/krb5/libgssapi-krb5-2_1.19.2-2_armhf.deb [120394/120394] -> "/build/chroot//var/cache/apt/archives/partial/libgssapi-krb5-2_1.19.2-2_armhf.deb" [1]
2024-04-10 14:04:53 URL:http://ftpmaster.internal/ubuntu/pool/main/n/nettle/libhogweed6_3.7.3-1build2_armhf.deb [187074/187074] -> "/build/chroot//var/cache/apt/archives/partial/libhogweed6_3.7.3-1build2_armhf.deb" [1]
2024-04-10 14:04:53 URL:http://ftpmaster.internal/ubuntu/pool/main/libi/libidn2/libidn2-0_2.3.2-2build1_armhf.deb [67586/67586] -> "/build/chroot//var/cache/apt/archives/partial/libidn2-0_2.3.2-2build1_armhf.deb" [1]
2024-04-10 14:04:53 URL:http://ftpmaster.internal/ubuntu/pool/main/k/krb5/libk5crypto3_1.19.2-2_armhf.deb [83558/83558] -> "/build/chroot//var/cache/apt/archives/partial/libk5crypto3_1.19.2-2_armhf.deb" [1]
2024-04-10 14:04:53 URL:http://ftpmaster.internal/ubuntu/pool/main/k/keyutils/libkeyutils1_1.6.1-2ubuntu3_armhf.deb [8966/8966] -> "/build/chroot//var/cache/apt/archives/partial/libkeyutils1_1.6.1-2ubuntu3_armhf.deb" [1]
2024-04-10 14:04:54 URL:http://ftpmaster.internal/ubuntu/pool/main/k/krb5/libkrb5-3_1.19.2-2_armhf.deb [329866/329866] -> "/build/chroot//var/cache/apt/archives/partial/libkrb5-3_1.19.2-2_armhf.deb" [1]
2024-04-10 14:04:54 URL:http://ftpmaster.internal/ubuntu/pool/main/k/krb5/libkrb5support0_1.19.2-2_armhf.deb [30380/30380] -> "/build/chroot//var/cache/apt/archives/partial/libkrb5support0_1.19.2-2_armhf.deb" [1]
2024-04-10 14:04:54 URL:http://ftpmaster.internal/ubuntu/pool/main/l/lz4/liblz4-1_1.9.3-2build2_armhf.deb [54790/54790] -> "/build/chroot//var/cache/apt/archives/partial/liblz4-1_1.9.3-2build2_armhf.deb" [1]
2024-04-10 14:04:55 URL:http://ftpmaster.internal/ubuntu/pool/main/x/xz-utils/liblzma5_5.2.5-2ubuntu1_armhf.deb [87040/87040] -> "/build/chroot//var/cache/apt/archives/partial/liblzma5_5.2.5-2ubuntu1_armhf.deb" [1]
2024-04-10 14:04:55 URL:http://ftpmaster.internal/ubuntu/pool/main/u/util-linux/libmount1_2.37.2-4ubuntu3_armhf.deb [151590/151590] -> "/build/chroot//var/cache/apt/archives/partial/libmount1_2.37.2-4ubuntu3_armhf.deb" [1]
2024-04-10 14:04:55 URL:http://ftpmaster.internal/ubuntu/pool/main/n/ncurses/libncurses6_6.3-2_armhf.deb [87484/87484] -> "/build/chroot//var/cache/apt/archives/partial/libncurses6_6.3-2_armhf.deb" [1]
2024-04-10 14:04:56 URL:http://ftpmaster.internal/ubuntu/pool/main/n/ncurses/libncursesw6_6.3-2_armhf.deb [116588/116588] -> "/build/chroot//var/cache/apt/archives/partial/libncursesw6_6.3-2_armhf.deb" [1]
2024-04-10 14:04:56 URL:http://ftpmaster.internal/ubuntu/pool/main/n/nettle/libnettle8_3.7.3-1build2_armhf.deb [173790/173790] -> "/build/chroot//var/cache/apt/archives/partial/libnettle8_3.7.3-1build2_armhf.deb" [1]
2024-04-10 14:04:56 URL:http://ftpmaster.internal/ubuntu/pool/main/libn/libnsl/libnsl2_1.3.0-2build2_armhf.deb [36582/36582] -> "/build/chroot//var/cache/apt/archives/partial/libnsl2_1.3.0-2build2_armhf.deb" [1]
2024-04-10 14:04:57 URL:http://ftpmaster.internal/ubuntu/pool/main/p/p11-kit/libp11-kit0_0.24.0-6build1_armhf.deb [218632/218632] -> "/build/chroot//var/cache/apt/archives/partial/libp11-kit0_0.24.0-6build1_armhf.deb" [1]
2024-04-10 14:04:57 URL:http://ftpmaster.internal/ubuntu/pool/main/p/pam/libpam-modules_1.4.0-11ubuntu2_armhf.deb [262840/262840] -> "/build/chroot//var/cache/apt/archives/partial/libpam-modules_1.4.0-11ubuntu2_armhf.deb" [1]
2024-04-10 14:04:57 URL:http://ftpmaster.internal/ubuntu/pool/main/p/pam/libpam-modules-bin_1.4.0-11ubuntu2_armhf.deb [35552/35552] -> "/build/chroot//var/cache/apt/archives/partial/libpam-modules-bin_1.4.0-11ubuntu2_armhf.deb" [1]
2024-04-10 14:04:58 URL:http://ftpmaster.internal/ubuntu/pool/main/p/pam/libpam-runtime_1.4.0-11ubuntu2_all.deb [40252/40252] -> "/build/chroot//var/cache/apt/archives/partial/libpam-runtime_1.4.0-11ubuntu2_all.deb" [1]
2024-04-10 14:04:58 URL:http://ftpmaster.internal/ubuntu/pool/main/p/pam/libpam0g_1.4.0-11ubuntu2_armhf.deb [55364/55364] -> "/build/chroot//var/cache/apt/archives/partial/libpam0g_1.4.0-11ubuntu2_armhf.deb" [1]
2024-04-10 14:04:58 URL:http://ftpmaster.internal/ubuntu/pool/main/p/pcre2/libpcre2-8-0_10.39-3build1_armhf.deb [189804/189804] -> "/build/chroot//var/cache/apt/archives/partial/libpcre2-8-0_10.39-3build1_armhf.deb" [1]
2024-04-10 14:04:59 URL:http://ftpmaster.internal/ubuntu/pool/main/p/pcre3/libpcre3_8.39-13build5_armhf.deb [224706/224706] -> "/build/chroot//var/cache/apt/archives/partial/libpcre3_2%3a8.39-13build5_armhf.deb" [1]
2024-04-10 14:04:59 URL:http://ftpmaster.internal/ubuntu/pool/main/p/procps/libprocps8_3.3.17-6ubuntu2_armhf.deb [32662/32662] -> "/build/chroot//var/cache/apt/archives/partial/libprocps8_2%3a3.3.17-6ubuntu2_armhf.deb" [1]
2024-04-10 14:04:59 URL:http://ftpmaster.internal/ubuntu/pool/main/libs/libseccomp/libseccomp2_2.5.3-2ubuntu2_armhf.deb [46796/46796] -> "/build/chroot//var/cache/apt/archives/partial/libseccomp2_2.5.3-2ubuntu2_armhf.deb" [1]
2024-04-10 14:05:00 URL:http://ftpmaster.internal/ubuntu/pool/main/libs/libselinux/libselinux1_3.3-1build2_armhf.deb [66770/66770] -> "/build/chroot//var/cache/apt/archives/partial/libselinux1_3.3-1build2_armhf.deb" [1]
2024-04-10 14:05:00 URL:http://ftpmaster.internal/ubuntu/pool/main/libs/libsemanage/libsemanage-common_3.3-1build2_all.deb [9874/9874] -> "/build/chroot//var/cache/apt/archives/partial/libsemanage-common_3.3-1build2_all.deb" [1]
2024-04-10 14:05:00 URL:http://ftpmaster.internal/ubuntu/pool/main/libs/libsemanage/libsemanage2_3.3-1build2_armhf.deb [83856/83856] -> "/build/chroot//var/cache/apt/archives/partial/libsemanage2_3.3-1build2_armhf.deb" [1]
2024-04-10 14:05:01 URL:http://ftpmaster.internal/ubuntu/pool/main/libs/libsepol/libsepol2_3.3-1build1_armhf.deb [259392/259392] -> "/build/chroot//var/cache/apt/archives/partial/libsepol2_3.3-1build1_armhf.deb" [1]
2024-04-10 14:05:01 URL:http://ftpmaster.internal/ubuntu/pool/main/u/util-linux/libsmartcols1_2.37.2-4ubuntu3_armhf.deb [93920/93920] -> "/build/chroot//var/cache/apt/archives/partial/libsmartcols1_2.37.2-4ubuntu3_armhf.deb" [1]
2024-04-10 14:05:01 URL:http://ftpmaster.internal/ubuntu/pool/main/e/e2fsprogs/libss2_1.46.5-2ubuntu1_armhf.deb [10120/10120] -> "/build/chroot//var/cache/apt/archives/partial/libss2_1.46.5-2ubuntu1_armhf.deb" [1]
2024-04-10 14:05:02 URL:http://ftpmaster.internal/ubuntu/pool/main/o/openssl/libssl3_3.0.2-0ubuntu1_armhf.deb [1577656/1577656] -> "/build/chroot//var/cache/apt/archives/partial/libssl3_3.0.2-0ubuntu1_armhf.deb" [1]
2024-04-10 14:05:03 URL:http://ftpmaster.internal/ubuntu/pool/main/g/gcc-12/libstdc++6_12-20220319-1ubuntu1_armhf.deb [615954/615954] -> "/build/chroot//var/cache/apt/archives/partial/libstdc++6_12-20220319-1ubuntu1_armhf.deb" [1]
2024-04-10 14:05:04 URL:http://ftpmaster.internal/ubuntu/pool/main/s/systemd/libsystemd0_249.11-0ubuntu3_armhf.deb [294638/294638] -> "/build/chroot//var/cache/apt/archives/partial/libsystemd0_249.11-0ubuntu3_armhf.deb" [1]
2024-04-10 14:05:04 URL:http://ftpmaster.internal/ubuntu/pool/main/libt/libtasn1-6/libtasn1-6_4.18.0-4build1_armhf.deb [36292/36292] -> "/build/chroot//var/cache/apt/archives/partial/libtasn1-6_4.18.0-4build1_armhf.deb" [1]
2024-04-10 14:05:04 URL:http://ftpmaster.internal/ubuntu/pool/main/n/ncurses/libtinfo6_6.3-2_armhf.deb [87900/87900] -> "/build/chroot//var/cache/apt/archives/partial/libtinfo6_6.3-2_armhf.deb" [1]
2024-04-10 14:05:04 URL:http://ftpmaster.internal/ubuntu/pool/main/libt/libtirpc/libtirpc-common_1.3.2-2build1_all.deb [7616/7616] -> "/build/chroot//var/cache/apt/archives/partial/libtirpc-common_1.3.2-2build1_all.deb" [1]
2024-04-10 14:05:05 URL:http://ftpmaster.internal/ubuntu/pool/main/libt/libtirpc/libtirpc3_1.3.2-2build1_armhf.deb [72214/72214] -> "/build/chroot//var/cache/apt/archives/partial/libtirpc3_1.3.2-2build1_armhf.deb" [1]
2024-04-10 14:05:05 URL:http://ftpmaster.internal/ubuntu/pool/main/s/systemd/libudev1_249.11-0ubuntu3_armhf.deb [69550/69550] -> "/build/chroot//var/cache/apt/archives/partial/libudev1_249.11-0ubuntu3_armhf.deb" [1]
2024-04-10 14:05:06 URL:http://ftpmaster.internal/ubuntu/pool/main/libu/libunistring/libunistring2_1.0-1_armhf.deb [532756/532756] -> "/build/chroot//var/cache/apt/archives/partial/libunistring2_1.0-1_armhf.deb" [1]
2024-04-10 14:05:06 URL:http://ftpmaster.internal/ubuntu/pool/main/u/util-linux/libuuid1_2.37.2-4ubuntu3_armhf.deb [23590/23590] -> "/build/chroot//var/cache/apt/archives/partial/libuuid1_2.37.2-4ubuntu3_armhf.deb" [1]
2024-04-10 14:05:06 URL:http://ftpmaster.internal/ubuntu/pool/main/x/xxhash/libxxhash0_0.8.1-1_armhf.deb [26286/26286] -> "/build/chroot//var/cache/apt/archives/partial/libxxhash0_0.8.1-1_armhf.deb" [1]
2024-04-10 14:05:06 URL:http://ftpmaster.internal/ubuntu/pool/main/libz/libzstd/libzstd1_1.4.8+dfsg-3build1_armhf.deb [284582/284582] -> "/build/chroot//var/cache/apt/archives/partial/libzstd1_1.4.8+dfsg-3build1_armhf.deb" [1]
2024-04-10 14:05:07 URL:http://ftpmaster.internal/ubuntu/pool/main/s/shadow/login_4.8.1-2ubuntu2_armhf.deb [185608/185608] -> "/build/chroot//var/cache/apt/archives/partial/login_1%3a4.8.1-2ubuntu2_armhf.deb" [1]
2024-04-10 14:05:07 URL:http://ftpmaster.internal/ubuntu/pool/main/e/e2fsprogs/logsave_1.46.5-2ubuntu1_armhf.deb [10086/10086] -> "/build/chroot//var/cache/apt/archives/partial/logsave_1.46.5-2ubuntu1_armhf.deb" [1]
2024-04-10 14:05:07 URL:http://ftpmaster.internal/ubuntu/pool/main/l/lsb/lsb-base_11.1.0ubuntu4_all.deb [12350/12350] -> "/build/chroot//var/cache/apt/archives/partial/lsb-base_11.1.0ubuntu4_all.deb" [1]
2024-04-10 14:05:08 URL:http://ftpmaster.internal/ubuntu/pool/main/m/mawk/mawk_1.3.4.20200120-3_armhf.deb [91522/91522] -> "/build/chroot//var/cache/apt/archives/partial/mawk_1.3.4.20200120-3_armhf.deb" [1]
2024-04-10 14:05:08 URL:http://ftpmaster.internal/ubuntu/pool/main/u/util-linux/mount_2.37.2-4ubuntu3_armhf.deb [125404/125404] -> "/build/chroot//var/cache/apt/archives/partial/mount_2.37.2-4ubuntu3_armhf.deb" [1]
2024-04-10 14:05:08 URL:http://ftpmaster.internal/ubuntu/pool/main/n/ncurses/ncurses-base_6.3-2_all.deb [20080/20080] -> "/build/chroot//var/cache/apt/archives/partial/ncurses-base_6.3-2_all.deb" [1]
2024-04-10 14:05:08 URL:http://ftpmaster.internal/ubuntu/pool/main/n/ncurses/ncurses-bin_6.3-2_armhf.deb [175070/175070] -> "/build/chroot//var/cache/apt/archives/partial/ncurses-bin_6.3-2_armhf.deb" [1]
2024-04-10 14:05:09 URL:http://ftpmaster.internal/ubuntu/pool/main/s/shadow/passwd_4.8.1-2ubuntu2_armhf.deb [740470/740470] -> "/build/chroot//var/cache/apt/archives/partial/passwd_1%3a4.8.1-2ubuntu2_armhf.deb" [1]
2024-04-10 14:05:11 URL:http://ftpmaster.internal/ubuntu/pool/main/p/perl/perl-base_5.34.0-3ubuntu1_armhf.deb [1613012/1613012] -> "/build/chroot//var/cache/apt/archives/partial/perl-base_5.34.0-3ubuntu1_armhf.deb" [1]
2024-04-10 14:05:12 URL:http://ftpmaster.internal/ubuntu/pool/main/p/procps/procps_3.3.17-6ubuntu2_armhf.deb [371544/371544] -> "/build/chroot//var/cache/apt/archives/partial/procps_2%3a3.3.17-6ubuntu2_armhf.deb" [1]
2024-04-10 14:05:12 URL:http://ftpmaster.internal/ubuntu/pool/main/s/sed/sed_4.8-1ubuntu2_armhf.deb [186066/186066] -> "/build/chroot//var/cache/apt/archives/partial/sed_4.8-1ubuntu2_armhf.deb" [1]
2024-04-10 14:05:12 URL:http://ftpmaster.internal/ubuntu/pool/main/s/sensible-utils/sensible-utils_0.0.17_all.deb [20076/20076] -> "/build/chroot//var/cache/apt/archives/partial/sensible-utils_0.0.17_all.deb" [1]
2024-04-10 14:05:12 URL:http://ftpmaster.internal/ubuntu/pool/main/s/sysvinit/sysvinit-utils_3.01-1ubuntu1_armhf.deb [20472/20472] -> "/build/chroot//var/cache/apt/archives/partial/sysvinit-utils_3.01-1ubuntu1_armhf.deb" [1]
2024-04-10 14:05:13 URL:http://ftpmaster.internal/ubuntu/pool/main/t/tar/tar_1.34+dfsg-1build3_armhf.deb [272186/272186] -> "/build/chroot//var/cache/apt/archives/partial/tar_1.34+dfsg-1build3_armhf.deb" [1]
2024-04-10 14:05:13 URL:http://ftpmaster.internal/ubuntu/pool/main/u/ubuntu-keyring/ubuntu-keyring_2021.03.26_all.deb [20856/20856] -> "/build/chroot//var/cache/apt/archives/partial/ubuntu-keyring_2021.03.26_all.deb" [1]
2024-04-10 14:05:13 URL:http://ftpmaster.internal/ubuntu/pool/main/u/usrmerge/usrmerge_25ubuntu2_all.deb [54662/54662] -> "/build/chroot//var/cache/apt/archives/partial/usrmerge_25ubuntu2_all.deb" [1]
2024-04-10 14:05:14 URL:http://ftpmaster.internal/ubuntu/pool/main/u/util-linux/util-linux_2.37.2-4ubuntu3_armhf.deb [1129800/1129800] -> "/build/chroot//var/cache/apt/archives/partial/util-linux_2.37.2-4ubuntu3_armhf.deb" [1]
2024-04-10 14:05:15 URL:http://ftpmaster.internal/ubuntu/pool/main/z/zlib/zlib1g_1.2.11.dfsg-2ubuntu9_armhf.deb [51484/51484] -> "/build/chroot//var/cache/apt/archives/partial/zlib1g_1%3a1.2.11.dfsg-2ubuntu9_armhf.deb" [1]
gpgv: Signature made Thu Apr 21 17:16:39 2022 UTC
gpgv:                using RSA key 871920D1991BC93C
gpgv: Good signature from "Ubuntu Archive Automatic Signing Key (2018) <ftpmaster@ubuntu.com>"
dpkg: warning: parsing file '/var/lib/dpkg/status' near line 5 package 'dpkg':
 missing 'Description' field
dpkg: warning: parsing file '/var/lib/dpkg/status' near line 5 package 'dpkg':
 missing 'Architecture' field
Selecting previously unselected package base-passwd.
(Reading database ... 0 files and directories currently installed.)
Preparing to unpack .../base-passwd_3.5.52build1_armhf.deb ...
Unpacking base-passwd (3.5.52build1) ...
dpkg: base-passwd: dependency problems, but configuring anyway as you requested:
 base-passwd depends on libc6 (>= 2.34); however:
  Package libc6 is not installed.
 base-passwd depends on libdebconfclient0 (>= 0.145); however:
  Package libdebconfclient0 is not installed.

Setting up base-passwd (3.5.52build1) ...
dpkg: warning: parsing file '/var/lib/dpkg/status' near line 24 package 'dpkg':
 missing 'Description' field
dpkg: warning: parsing file '/var/lib/dpkg/status' near line 24 package 'dpkg':
 missing 'Architecture' field
Selecting previously unselected package base-files.
dpkg: regarding .../base-files_12ubuntu4_armhf.deb containing base-files, pre-dependency problem:
 base-files pre-depends on awk
  awk is not installed.

dpkg: warning: ignoring pre-dependency problem!
(Reading database ... 41 files and directories currently installed.)
Preparing to unpack .../base-files_12ubuntu4_armhf.deb ...
Unpacking base-files (12ubuntu4) ...
dpkg: base-files: dependency problems, but configuring anyway as you requested:
 base-files depends on awk; however:
  Package awk is not installed.
 base-files depends on libc6 (>= 2.34); however:
  Package libc6 is not installed.
 base-files depends on libcrypt1 (>= 1:4.4.10-10ubuntu3); however:
  Package libcrypt1 is not installed.

Setting up base-files (12ubuntu4) ...
dpkg: warning: parsing file '/var/lib/dpkg/status' near line 59 package 'dpkg':
 missing 'Description' field
dpkg: warning: parsing file '/var/lib/dpkg/status' near line 59 package 'dpkg':
 missing 'Architecture' field
dpkg: regarding .../dpkg_1.21.1ubuntu2_armhf.deb containing dpkg, pre-dependency problem:
 dpkg pre-depends on libbz2-1.0
  libbz2-1.0 is not installed.

dpkg: warning: ignoring pre-dependency problem!
dpkg: regarding .../dpkg_1.21.1ubuntu2_armhf.deb containing dpkg, pre-dependency problem:
 dpkg pre-depends on libc6 (>= 2.34)
  libc6 is not installed.

dpkg: warning: ignoring pre-dependency problem!
dpkg: regarding .../dpkg_1.21.1ubuntu2_armhf.deb containing dpkg, pre-dependency problem:
 dpkg pre-depends on liblzma5 (>= 5.2.2)
  liblzma5 is not installed.

dpkg: warning: ignoring pre-dependency problem!
dpkg: regarding .../dpkg_1.21.1ubuntu2_armhf.deb containing dpkg, pre-dependency problem:
 dpkg pre-depends on libselinux1 (>= 3.1~)
  libselinux1 is not installed.

dpkg: warning: ignoring pre-dependency problem!
dpkg: regarding .../dpkg_1.21.1ubuntu2_armhf.deb containing dpkg, pre-dependency problem:
 dpkg pre-depends on libzstd1 (>= 1.4.0)
  libzstd1 is not installed.

dpkg: warning: ignoring pre-dependency problem!
dpkg: regarding .../dpkg_1.21.1ubuntu2_armhf.deb containing dpkg, pre-dependency problem:
 dpkg pre-depends on zlib1g (>= 1:1.1.4)
  zlib1g is not installed.

dpkg: warning: ignoring pre-dependency problem!
(Reading database ... 133 files and directories currently installed.)
Preparing to unpack .../dpkg_1.21.1ubuntu2_armhf.deb ...
Unpacking dpkg (1.21.1ubuntu2) over (1.21.1ubuntu2) ...
dpkg: dpkg: dependency problems, but configuring anyway as you requested:
 dpkg depends on libbz2-1.0; however:
  Package libbz2-1.0 is not installed.
 dpkg depends on libc6 (>= 2.34); however:
  Package libc6 is not installed.
 dpkg depends on liblzma5 (>= 5.2.2); however:
  Package liblzma5 is not installed.
 dpkg depends on libselinux1 (>= 3.1~); however:
  Package libselinux1 is not installed.
 dpkg depends on libzstd1 (>= 1.4.0); however:
  Package libzstd1 is not installed.
 dpkg depends on zlib1g (>= 1:1.1.4); however:
  Package zlib1g is not installed.
 dpkg depends on tar (>= 1.28-1); however:
  Package tar is not installed.

Setting up dpkg (1.21.1ubuntu2) ...
Selecting previously unselected package libc6:armhf.
(Reading database ... 416 files and directories currently installed.)
Preparing to unpack .../libc6_2.35-0ubuntu3_armhf.deb ...
Unpacking libc6:armhf (2.35-0ubuntu3) ...
dpkg: libc6:armhf: dependency problems, but configuring anyway as you requested:
 libc6:armhf depends on libgcc-s1; however:
  Package libgcc-s1 is not installed.
 libc6:armhf depends on libcrypt1 (>= 1:4.4.10-10ubuntu4); however:
  Package libcrypt1 is not installed.

Setting up libc6:armhf (2.35-0ubuntu3) ...
Selecting previously unselected package perl-base.
dpkg: regarding .../perl-base_5.34.0-3ubuntu1_armhf.deb containing perl-base, pre-dependency problem:
 perl-base pre-depends on libcrypt1 (>= 1:4.1.0)
  libcrypt1 is not installed.

dpkg: warning: ignoring pre-dependency problem!
(Reading database ... 709 files and directories currently installed.)
Preparing to unpack .../perl-base_5.34.0-3ubuntu1_armhf.deb ...
Unpacking perl-base (5.34.0-3ubuntu1) ...
dpkg: perl-base: dependency problems, but configuring anyway as you requested:
 perl-base depends on libcrypt1 (>= 1:4.1.0); however:
  Package libcrypt1 is not installed.

Setting up perl-base (5.34.0-3ubuntu1) ...
Selecting previously unselected package mawk.
(Reading database ... 1433 files and directories currently installed.)
Preparing to unpack .../mawk_1.3.4.20200120-3_armhf.deb ...
Unpacking mawk (1.3.4.20200120-3) ...
Setting up mawk (1.3.4.20200120-3) ...
update-alternatives: using /usr/bin/mawk to provide /usr/bin/awk (awk) in auto mode
(Reading database ... 1451 files and directories currently installed.)
Preparing to unpack .../base-files_12ubuntu4_armhf.deb ...
Unpacking base-files (12ubuntu4) over (12ubuntu4) ...
Preparing to unpack .../base-passwd_3.5.52build1_armhf.deb ...
Unpacking base-passwd (3.5.52build1) over (3.5.52build1) ...
Selecting previously unselected package bash.
dpkg: regarding .../bash_5.1-6ubuntu1_armhf.deb containing bash, pre-dependency problem:
 bash pre-depends on libtinfo6 (>= 6)
  libtinfo6 is not installed.

dpkg: warning: ignoring pre-dependency problem!
Preparing to unpack .../bash_5.1-6ubuntu1_armhf.deb ...
Unpacking bash (5.1-6ubuntu1) ...
Selecting previously unselected package bsdutils.
dpkg: regarding .../bsdutils_1%3a2.37.2-4ubuntu3_armhf.deb containing bsdutils, pre-dependency problem:
 bsdutils pre-depends on libsystemd0
  libsystemd0 is not installed.

dpkg: warning: ignoring pre-dependency problem!
Preparing to unpack .../bsdutils_1%3a2.37.2-4ubuntu3_armhf.deb ...
Unpacking bsdutils (1:2.37.2-4ubuntu3) ...
Selecting previously unselected package coreutils.
dpkg: regarding .../coreutils_8.32-4.1ubuntu1_armhf.deb containing coreutils, pre-dependency problem:
 coreutils pre-depends on libacl1 (>= 2.2.23)
  libacl1 is not installed.

dpkg: warning: ignoring pre-dependency problem!
dpkg: regarding .../coreutils_8.32-4.1ubuntu1_armhf.deb containing coreutils, pre-dependency problem:
 coreutils pre-depends on libattr1 (>= 1:2.4.44)
  libattr1 is not installed.

dpkg: warning: ignoring pre-dependency problem!
dpkg: regarding .../coreutils_8.32-4.1ubuntu1_armhf.deb containing coreutils, pre-dependency problem:
 coreutils pre-depends on libgmp10 (>= 2:6.2.1+dfsg)
  libgmp10 is not installed.

dpkg: warning: ignoring pre-dependency problem!
dpkg: regarding .../coreutils_8.32-4.1ubuntu1_armhf.deb containing coreutils, pre-dependency problem:
 coreutils pre-depends on libselinux1 (>= 3.1~)
  libselinux1 is not installed.

dpkg: warning: ignoring pre-dependency problem!
Preparing to unpack .../coreutils_8.32-4.1ubuntu1_armhf.deb ...
Unpacking coreutils (8.32-4.1ubuntu1) ...
Selecting previously unselected package dash.
Preparing to unpack .../dash_0.5.11+git20210903+057cd650a4ed-3build1_armhf.deb ...
Unpacking dash (0.5.11+git20210903+057cd650a4ed-3build1) ...
Selecting previously unselected package debconf.
Preparing to unpack .../debconf_1.5.79ubuntu1_all.deb ...
Unpacking debconf (1.5.79ubuntu1) ...
Selecting previously unselected package debianutils.
Preparing to unpack .../debianutils_5.5-1ubuntu2_armhf.deb ...
Unpacking debianutils (5.5-1ubuntu2) ...
Selecting previously unselected package diffutils.
Preparing to unpack .../diffutils_1%3a3.8-0ubuntu2_armhf.deb ...
Unpacking diffutils (1:3.8-0ubuntu2) ...
dpkg: regarding .../dpkg_1.21.1ubuntu2_armhf.deb containing dpkg, pre-dependency problem:
 dpkg pre-depends on libbz2-1.0
  libbz2-1.0 is not installed.

dpkg: warning: ignoring pre-dependency problem!
dpkg: regarding .../dpkg_1.21.1ubuntu2_armhf.deb containing dpkg, pre-dependency problem:
 dpkg pre-depends on liblzma5 (>= 5.2.2)
  liblzma5 is not installed.

dpkg: warning: ignoring pre-dependency problem!
dpkg: regarding .../dpkg_1.21.1ubuntu2_armhf.deb containing dpkg, pre-dependency problem:
 dpkg pre-depends on libselinux1 (>= 3.1~)
  libselinux1 is not installed.

dpkg: warning: ignoring pre-dependency problem!
dpkg: regarding .../dpkg_1.21.1ubuntu2_armhf.deb containing dpkg, pre-dependency problem:
 dpkg pre-depends on libzstd1 (>= 1.4.0)
  libzstd1 is not installed.

dpkg: warning: ignoring pre-dependency problem!
dpkg: regarding .../dpkg_1.21.1ubuntu2_armhf.deb containing dpkg, pre-dependency problem:
 dpkg pre-depends on zlib1g (>= 1:1.1.4)
  zlib1g is not installed.

dpkg: warning: ignoring pre-dependency problem!
Preparing to unpack .../dpkg_1.21.1ubuntu2_armhf.deb ...
Unpacking dpkg (1.21.1ubuntu2) over (1.21.1ubuntu2) ...
Selecting previously unselected package e2fsprogs.
dpkg: regarding .../e2fsprogs_1.46.5-2ubuntu1_armhf.deb containing e2fsprogs, pre-dependency problem:
 e2fsprogs pre-depends on libblkid1 (>= 2.36)
  libblkid1 is not installed.

dpkg: warning: ignoring pre-dependency problem!
dpkg: regarding .../e2fsprogs_1.46.5-2ubuntu1_armhf.deb containing e2fsprogs, pre-dependency problem:
 e2fsprogs pre-depends on libcom-err2 (>= 1.43.9)
  libcom-err2 is not installed.

dpkg: warning: ignoring pre-dependency problem!
dpkg: regarding .../e2fsprogs_1.46.5-2ubuntu1_armhf.deb containing e2fsprogs, pre-dependency problem:
 e2fsprogs pre-depends on libext2fs2 (= 1.46.5-2ubuntu1)
  libext2fs2 is not installed.

dpkg: warning: ignoring pre-dependency problem!
dpkg: regarding .../e2fsprogs_1.46.5-2ubuntu1_armhf.deb containing e2fsprogs, pre-dependency problem:
 e2fsprogs pre-depends on libss2 (>= 1.38)
  libss2 is not installed.

dpkg: warning: ignoring pre-dependency problem!
dpkg: regarding .../e2fsprogs_1.46.5-2ubuntu1_armhf.deb containing e2fsprogs, pre-dependency problem:
 e2fsprogs pre-depends on libuuid1 (>= 2.16)
  libuuid1 is not installed.

dpkg: warning: ignoring pre-dependency problem!
Preparing to unpack .../e2fsprogs_1.46.5-2ubuntu1_armhf.deb ...
Unpacking e2fsprogs (1.46.5-2ubuntu1) ...
Selecting previously unselected package findutils.
dpkg: regarding .../findutils_4.8.0-1ubuntu3_armhf.deb containing findutils, pre-dependency problem:
 findutils pre-depends on libselinux1 (>= 3.1~)
  libselinux1 is not installed.

dpkg: warning: ignoring pre-dependency problem!
Preparing to unpack .../findutils_4.8.0-1ubuntu3_armhf.deb ...
Unpacking findutils (4.8.0-1ubuntu3) ...
Selecting previously unselected package gcc-12-base:armhf.
Preparing to unpack .../gcc-12-base_12-20220319-1ubuntu1_armhf.deb ...
Unpacking gcc-12-base:armhf (12-20220319-1ubuntu1) ...
Selecting previously unselected package grep.
dpkg: regarding .../grep_3.7-1build1_armhf.deb containing grep, pre-dependency problem:
 grep pre-depends on libpcre3
  libpcre3 is not installed.

dpkg: warning: ignoring pre-dependency problem!
Preparing to unpack .../grep_3.7-1build1_armhf.deb ...
Unpacking grep (3.7-1build1) ...
Selecting previously unselected package gzip.
Preparing to unpack .../gzip_1.10-4ubuntu4_armhf.deb ...
Unpacking gzip (1.10-4ubuntu4) ...
Selecting previously unselected package hostname.
Preparing to unpack .../hostname_3.23ubuntu2_armhf.deb ...
Unpacking hostname (3.23ubuntu2) ...
Selecting previously unselected package init-system-helpers.
Preparing to unpack .../init-system-helpers_1.62_all.deb ...
Unpacking init-system-helpers (1.62) ...
Selecting previously unselected package libacl1:armhf.
Preparing to unpack .../libacl1_2.3.1-1_armhf.deb ...
Unpacking libacl1:armhf (2.3.1-1) ...
Selecting previously unselected package libattr1:armhf.
Preparing to unpack .../libattr1_1%3a2.5.1-1build1_armhf.deb ...
Unpacking libattr1:armhf (1:2.5.1-1build1) ...
Selecting previously unselected package libaudit-common.
Preparing to unpack .../libaudit-common_1%3a3.0.7-1build1_all.deb ...
Unpacking libaudit-common (1:3.0.7-1build1) ...
Selecting previously unselected package libaudit1:armhf.
Preparing to unpack .../libaudit1_1%3a3.0.7-1build1_armhf.deb ...
Unpacking libaudit1:armhf (1:3.0.7-1build1) ...
Selecting previously unselected package libblkid1:armhf.
Preparing to unpack .../libblkid1_2.37.2-4ubuntu3_armhf.deb ...
Unpacking libblkid1:armhf (2.37.2-4ubuntu3) ...
Selecting previously unselected package libbz2-1.0:armhf.
Preparing to unpack .../libbz2-1.0_1.0.8-5build1_armhf.deb ...
Unpacking libbz2-1.0:armhf (1.0.8-5build1) ...
Selecting previously unselected package libc-bin.
Preparing to unpack .../libc-bin_2.35-0ubuntu3_armhf.deb ...
Unpacking libc-bin (2.35-0ubuntu3) ...
Preparing to unpack .../libc6_2.35-0ubuntu3_armhf.deb ...
/var/lib/dpkg/tmp.ci/preinst: 177: which: not found
Unpacking libc6:armhf (2.35-0ubuntu3) over (2.35-0ubuntu3) ...
Selecting previously unselected package libcap-ng0:armhf.
Preparing to unpack .../libcap-ng0_0.7.9-2.2build3_armhf.deb ...
Unpacking libcap-ng0:armhf (0.7.9-2.2build3) ...
Selecting previously unselected package libcap2:armhf.
Preparing to unpack .../libcap2_1%3a2.44-1build3_armhf.deb ...
Unpacking libcap2:armhf (1:2.44-1build3) ...
Selecting previously unselected package libcom-err2:armhf.
Preparing to unpack .../libcom-err2_1.46.5-2ubuntu1_armhf.deb ...
Unpacking libcom-err2:armhf (1.46.5-2ubuntu1) ...
Selecting previously unselected package libcrypt1:armhf.
Preparing to unpack .../libcrypt1_1%3a4.4.27-1_armhf.deb ...
Unpacking libcrypt1:armhf (1:4.4.27-1) ...
Selecting previously unselected package libdb5.3:armhf.
Preparing to unpack .../libdb5.3_5.3.28+dfsg1-0.8ubuntu3_armhf.deb ...
Unpacking libdb5.3:armhf (5.3.28+dfsg1-0.8ubuntu3) ...
Selecting previously unselected package libdebconfclient0:armhf.
Preparing to unpack .../libdebconfclient0_0.261ubuntu1_armhf.deb ...
Unpacking libdebconfclient0:armhf (0.261ubuntu1) ...
Selecting previously unselected package libext2fs2:armhf.
Preparing to unpack .../libext2fs2_1.46.5-2ubuntu1_armhf.deb ...
Unpacking libext2fs2:armhf (1.46.5-2ubuntu1) ...
Selecting previously unselected package libgcc-s1:armhf.
Preparing to unpack .../libgcc-s1_12-20220319-1ubuntu1_armhf.deb ...
Unpacking libgcc-s1:armhf (12-20220319-1ubuntu1) ...
Selecting previously unselected package libgcrypt20:armhf.
Preparing to unpack .../libgcrypt20_1.9.4-3ubuntu3_armhf.deb ...
Unpacking libgcrypt20:armhf (1.9.4-3ubuntu3) ...
Selecting previously unselected package libgmp10:armhf.
Preparing to unpack .../libgmp10_2%3a6.2.1+dfsg-3ubuntu1_armhf.deb ...
Unpacking libgmp10:armhf (2:6.2.1+dfsg-3ubuntu1) ...
Selecting previously unselected package libgpg-error0:armhf.
Preparing to unpack .../libgpg-error0_1.43-3_armhf.deb ...
Unpacking libgpg-error0:armhf (1.43-3) ...
Selecting previously unselected package libgssapi-krb5-2:armhf.
Preparing to unpack .../libgssapi-krb5-2_1.19.2-2_armhf.deb ...
Unpacking libgssapi-krb5-2:armhf (1.19.2-2) ...
Selecting previously unselected package libk5crypto3:armhf.
Preparing to unpack .../libk5crypto3_1.19.2-2_armhf.deb ...
Unpacking libk5crypto3:armhf (1.19.2-2) ...
Selecting previously unselected package libkeyutils1:armhf.
Preparing to unpack .../libkeyutils1_1.6.1-2ubuntu3_armhf.deb ...
Unpacking libkeyutils1:armhf (1.6.1-2ubuntu3) ...
Selecting previously unselected package libkrb5-3:armhf.
Preparing to unpack .../libkrb5-3_1.19.2-2_armhf.deb ...
Unpacking libkrb5-3:armhf (1.19.2-2) ...
Selecting previously unselected package libkrb5support0:armhf.
Preparing to unpack .../libkrb5support0_1.19.2-2_armhf.deb ...
Unpacking libkrb5support0:armhf (1.19.2-2) ...
Selecting previously unselected package liblz4-1:armhf.
Preparing to unpack .../liblz4-1_1.9.3-2build2_armhf.deb ...
Unpacking liblz4-1:armhf (1.9.3-2build2) ...
Selecting previously unselected package liblzma5:armhf.
Preparing to unpack .../liblzma5_5.2.5-2ubuntu1_armhf.deb ...
Unpacking liblzma5:armhf (5.2.5-2ubuntu1) ...
Selecting previously unselected package libmount1:armhf.
Preparing to unpack .../libmount1_2.37.2-4ubuntu3_armhf.deb ...
Unpacking libmount1:armhf (2.37.2-4ubuntu3) ...
Selecting previously unselected package libncurses6:armhf.
Preparing to unpack .../libncurses6_6.3-2_armhf.deb ...
Unpacking libncurses6:armhf (6.3-2) ...
Selecting previously unselected package libncursesw6:armhf.
Preparing to unpack .../libncursesw6_6.3-2_armhf.deb ...
Unpacking libncursesw6:armhf (6.3-2) ...
Selecting previously unselected package libnsl2:armhf.
Preparing to unpack .../libnsl2_1.3.0-2build2_armhf.deb ...
Unpacking libnsl2:armhf (1.3.0-2build2) ...
Selecting previously unselected package libpam-modules:armhf.
dpkg: regarding .../libpam-modules_1.4.0-11ubuntu2_armhf.deb containing libpam-modules:armhf, pre-dependency problem:
 libpam-modules pre-depends on libaudit1 (>= 1:2.2.1)
  libaudit1:armhf is unpacked, but has never been configured.

dpkg: warning: ignoring pre-dependency problem!
dpkg: regarding .../libpam-modules_1.4.0-11ubuntu2_armhf.deb containing libpam-modules:armhf, pre-dependency problem:
 libpam-modules pre-depends on libcrypt1 (>= 1:4.3.0)
  libcrypt1:armhf is unpacked, but has never been configured.

dpkg: warning: ignoring pre-dependency problem!
dpkg: regarding .../libpam-modules_1.4.0-11ubuntu2_armhf.deb containing libpam-modules:armhf, pre-dependency problem:
 libpam-modules pre-depends on libdb5.3
  libdb5.3:armhf is unpacked, but has never been configured.

dpkg: warning: ignoring pre-dependency problem!
dpkg: regarding .../libpam-modules_1.4.0-11ubuntu2_armhf.deb containing libpam-modules:armhf, pre-dependency problem:
 libpam-modules pre-depends on libnsl2 (>= 1.0)
  libnsl2:armhf is unpacked, but has never been configured.

dpkg: warning: ignoring pre-dependency problem!
dpkg: regarding .../libpam-modules_1.4.0-11ubuntu2_armhf.deb containing libpam-modules:armhf, pre-dependency problem:
 libpam-modules pre-depends on libpam0g (>= 1.3.2)
  libpam0g is not installed.

dpkg: warning: ignoring pre-dependency problem!
dpkg: regarding .../libpam-modules_1.4.0-11ubuntu2_armhf.deb containing libpam-modules:armhf, pre-dependency problem:
 libpam-modules pre-depends on libselinux1 (>= 3.1~)
  libselinux1 is not installed.

dpkg: warning: ignoring pre-dependency problem!
dpkg: regarding .../libpam-modules_1.4.0-11ubuntu2_armhf.deb containing libpam-modules:armhf, pre-dependency problem:
 libpam-modules pre-depends on libtirpc3 (>= 1.0.2)
  libtirpc3 is not installed.

dpkg: warning: ignoring pre-dependency problem!
dpkg: regarding .../libpam-modules_1.4.0-11ubuntu2_armhf.deb containing libpam-modules:armhf, pre-dependency problem:
 libpam-modules pre-depends on debconf (>= 0.5) | debconf-2.0
  debconf is unpacked, but has never been configured.
  debconf provides debconf-2.0 but is unpacked but not configured.

dpkg: warning: ignoring pre-dependency problem!
dpkg: regarding .../libpam-modules_1.4.0-11ubuntu2_armhf.deb containing libpam-modules:armhf, pre-dependency problem:
 libpam-modules pre-depends on libpam-modules-bin (= 1.4.0-11ubuntu2)
  libpam-modules-bin is not installed.

dpkg: warning: ignoring pre-dependency problem!
Preparing to unpack .../libpam-modules_1.4.0-11ubuntu2_armhf.deb ...
Unpacking libpam-modules:armhf (1.4.0-11ubuntu2) ...
Selecting previously unselected package libpam-modules-bin.
Preparing to unpack .../libpam-modules-bin_1.4.0-11ubuntu2_armhf.deb ...
Unpacking libpam-modules-bin (1.4.0-11ubuntu2) ...
Selecting previously unselected package libpam-runtime.
Preparing to unpack .../libpam-runtime_1.4.0-11ubuntu2_all.deb ...
Unpacking libpam-runtime (1.4.0-11ubuntu2) ...
Selecting previously unselected package libpam0g:armhf.
Preparing to unpack .../libpam0g_1.4.0-11ubuntu2_armhf.deb ...
Unpacking libpam0g:armhf (1.4.0-11ubuntu2) ...
Selecting previously unselected package libpcre2-8-0:armhf.
Preparing to unpack .../libpcre2-8-0_10.39-3build1_armhf.deb ...
Unpacking libpcre2-8-0:armhf (10.39-3build1) ...
Selecting previously unselected package libpcre3:armhf.
Preparing to unpack .../libpcre3_2%3a8.39-13build5_armhf.deb ...
Unpacking libpcre3:armhf (2:8.39-13build5) ...
Selecting previously unselected package libprocps8:armhf.
Preparing to unpack .../libprocps8_2%3a3.3.17-6ubuntu2_armhf.deb ...
Unpacking libprocps8:armhf (2:3.3.17-6ubuntu2) ...
Selecting previously unselected package libselinux1:armhf.
Preparing to unpack .../libselinux1_3.3-1build2_armhf.deb ...
Unpacking libselinux1:armhf (3.3-1build2) ...
Selecting previously unselected package libsemanage-common.
Preparing to unpack .../libsemanage-common_3.3-1build2_all.deb ...
Unpacking libsemanage-common (3.3-1build2) ...
Selecting previously unselected package libsemanage2:armhf.
Preparing to unpack .../libsemanage2_3.3-1build2_armhf.deb ...
Unpacking libsemanage2:armhf (3.3-1build2) ...
Selecting previously unselected package libsepol2:armhf.
Preparing to unpack .../libsepol2_3.3-1build1_armhf.deb ...
Unpacking libsepol2:armhf (3.3-1build1) ...
Selecting previously unselected package libsmartcols1:armhf.
Preparing to unpack .../libsmartcols1_2.37.2-4ubuntu3_armhf.deb ...
Unpacking libsmartcols1:armhf (2.37.2-4ubuntu3) ...
Selecting previously unselected package libss2:armhf.
Preparing to unpack .../libss2_1.46.5-2ubuntu1_armhf.deb ...
Unpacking libss2:armhf (1.46.5-2ubuntu1) ...
Selecting previously unselected package libssl3:armhf.
Preparing to unpack .../libssl3_3.0.2-0ubuntu1_armhf.deb ...
Unpacking libssl3:armhf (3.0.2-0ubuntu1) ...
Selecting previously unselected package libsystemd0:armhf.
dpkg: regarding .../libsystemd0_249.11-0ubuntu3_armhf.deb containing libsystemd0:armhf, pre-dependency problem:
 libsystemd0 pre-depends on libcap2 (>= 1:2.24-9~)
  libcap2:armhf is unpacked, but has never been configured.

dpkg: warning: ignoring pre-dependency problem!
dpkg: regarding .../libsystemd0_249.11-0ubuntu3_armhf.deb containing libsystemd0:armhf, pre-dependency problem:
 libsystemd0 pre-depends on libgcrypt20 (>= 1.9.0)
  libgcrypt20:armhf is unpacked, but has never been configured.

dpkg: warning: ignoring pre-dependency problem!
dpkg: regarding .../libsystemd0_249.11-0ubuntu3_armhf.deb containing libsystemd0:armhf, pre-dependency problem:
 libsystemd0 pre-depends on liblz4-1 (>= 0.0~r122)
  liblz4-1:armhf is unpacked, but has never been configured.

dpkg: warning: ignoring pre-dependency problem!
dpkg: regarding .../libsystemd0_249.11-0ubuntu3_armhf.deb containing libsystemd0:armhf, pre-dependency problem:
 libsystemd0 pre-depends on liblzma5 (>= 5.1.1alpha+20120614)
  liblzma5:armhf is unpacked, but has never been configured.

dpkg: warning: ignoring pre-dependency problem!
dpkg: regarding .../libsystemd0_249.11-0ubuntu3_armhf.deb containing libsystemd0:armhf, pre-dependency problem:
 libsystemd0 pre-depends on libzstd1 (>= 1.4.0)
  libzstd1 is not installed.

dpkg: warning: ignoring pre-dependency problem!
Preparing to unpack .../libsystemd0_249.11-0ubuntu3_armhf.deb ...
Unpacking libsystemd0:armhf (249.11-0ubuntu3) ...
Selecting previously unselected package libtinfo6:armhf.
Preparing to unpack .../libtinfo6_6.3-2_armhf.deb ...
Unpacking libtinfo6:armhf (6.3-2) ...
Selecting previously unselected package libtirpc-common.
Preparing to unpack .../libtirpc-common_1.3.2-2build1_all.deb ...
Unpacking libtirpc-common (1.3.2-2build1) ...
Selecting previously unselected package libtirpc3:armhf.
Preparing to unpack .../libtirpc3_1.3.2-2build1_armhf.deb ...
Unpacking libtirpc3:armhf (1.3.2-2build1) ...
Selecting previously unselected package libudev1:armhf.
Preparing to unpack .../libudev1_249.11-0ubuntu3_armhf.deb ...
Unpacking libudev1:armhf (249.11-0ubuntu3) ...
Selecting previously unselected package libuuid1:armhf.
Preparing to unpack .../libuuid1_2.37.2-4ubuntu3_armhf.deb ...
Unpacking libuuid1:armhf (2.37.2-4ubuntu3) ...
Selecting previously unselected package libzstd1:armhf.
Preparing to unpack .../libzstd1_1.4.8+dfsg-3build1_armhf.deb ...
Unpacking libzstd1:armhf (1.4.8+dfsg-3build1) ...
Selecting previously unselected package login.
dpkg: regarding .../login_1%3a4.8.1-2ubuntu2_armhf.deb containing login, pre-dependency problem:
 login pre-depends on libaudit1 (>= 1:2.2.1)
  libaudit1:armhf is unpacked, but has never been configured.

dpkg: warning: ignoring pre-dependency problem!
dpkg: regarding .../login_1%3a4.8.1-2ubuntu2_armhf.deb containing login, pre-dependency problem:
 login pre-depends on libcrypt1 (>= 1:4.1.0)
  libcrypt1:armhf is unpacked, but has never been configured.

dpkg: warning: ignoring pre-dependency problem!
dpkg: regarding .../login_1%3a4.8.1-2ubuntu2_armhf.deb containing login, pre-dependency problem:
 login pre-depends on libpam0g (>= 0.99.7.1)
  libpam0g:armhf is unpacked, but has never been configured.

dpkg: warning: ignoring pre-dependency problem!
dpkg: regarding .../login_1%3a4.8.1-2ubuntu2_armhf.deb containing login, pre-dependency problem:
 login pre-depends on libpam-runtime
  libpam-runtime is unpacked, but has never been configured.

dpkg: warning: ignoring pre-dependency problem!
dpkg: regarding .../login_1%3a4.8.1-2ubuntu2_armhf.deb containing login, pre-dependency problem:
 login pre-depends on libpam-modules
  libpam-modules:armhf is unpacked, but has never been configured.

dpkg: warning: ignoring pre-dependency problem!
Preparing to unpack .../login_1%3a4.8.1-2ubuntu2_armhf.deb ...
Unpacking login (1:4.8.1-2ubuntu2) ...
Selecting previously unselected package logsave.
Preparing to unpack .../logsave_1.46.5-2ubuntu1_armhf.deb ...
Unpacking logsave (1.46.5-2ubuntu1) ...
Selecting previously unselected package lsb-base.
Preparing to unpack .../lsb-base_11.1.0ubuntu4_all.deb ...
Unpacking lsb-base (11.1.0ubuntu4) ...
Preparing to unpack .../mawk_1.3.4.20200120-3_armhf.deb ...
Unpacking mawk (1.3.4.20200120-3) over (1.3.4.20200120-3) ...
Selecting previously unselected package mount.
dpkg: regarding .../mount_2.37.2-4ubuntu3_armhf.deb containing mount, pre-dependency problem:
 mount pre-depends on libblkid1 (>= 2.17.2)
  libblkid1:armhf is unpacked, but has never been configured.

dpkg: warning: ignoring pre-dependency problem!
dpkg: regarding .../mount_2.37.2-4ubuntu3_armhf.deb containing mount, pre-dependency problem:
 mount pre-depends on libmount1 (>= 2.37.2)
  libmount1:armhf is unpacked, but has never been configured.

dpkg: warning: ignoring pre-dependency problem!
dpkg: regarding .../mount_2.37.2-4ubuntu3_armhf.deb containing mount, pre-dependency problem:
 mount pre-depends on libselinux1 (>= 3.1~)
  libselinux1:armhf is unpacked, but has never been configured.

dpkg: warning: ignoring pre-dependency problem!
dpkg: regarding .../mount_2.37.2-4ubuntu3_armhf.deb containing mount, pre-dependency problem:
 mount pre-depends on libsmartcols1 (>= 2.33)
  libsmartcols1:armhf is unpacked, but has never been configured.

dpkg: warning: ignoring pre-dependency problem!
Preparing to unpack .../mount_2.37.2-4ubuntu3_armhf.deb ...
Unpacking mount (2.37.2-4ubuntu3) ...
Selecting previously unselected package ncurses-base.
Preparing to unpack .../ncurses-base_6.3-2_all.deb ...
Unpacking ncurses-base (6.3-2) ...
Selecting previously unselected package ncurses-bin.
dpkg: regarding .../ncurses-bin_6.3-2_armhf.deb containing ncurses-bin, pre-dependency problem:
 ncurses-bin pre-depends on libtinfo6 (>= 6.3)
  libtinfo6:armhf is unpacked, but has never been configured.

dpkg: warning: ignoring pre-dependency problem!
Preparing to unpack .../ncurses-bin_6.3-2_armhf.deb ...
Unpacking ncurses-bin (6.3-2) ...
Selecting previously unselected package passwd.
Preparing to unpack .../passwd_1%3a4.8.1-2ubuntu2_armhf.deb ...
Unpacking passwd (1:4.8.1-2ubuntu2) ...
dpkg: regarding .../perl-base_5.34.0-3ubuntu1_armhf.deb containing perl-base, pre-dependency problem:
 perl-base pre-depends on libcrypt1 (>= 1:4.1.0)
  libcrypt1:armhf is unpacked, but has never been configured.

dpkg: warning: ignoring pre-dependency problem!
Preparing to unpack .../perl-base_5.34.0-3ubuntu1_armhf.deb ...
Unpacking perl-base (5.34.0-3ubuntu1) over (5.34.0-3ubuntu1) ...
Selecting previously unselected package procps.
Preparing to unpack .../procps_2%3a3.3.17-6ubuntu2_armhf.deb ...
Unpacking procps (2:3.3.17-6ubuntu2) ...
Selecting previously unselected package sed.
dpkg: regarding .../sed_4.8-1ubuntu2_armhf.deb containing sed, pre-dependency problem:
 sed pre-depends on libacl1 (>= 2.2.23)
  libacl1:armhf is unpacked, but has never been configured.

dpkg: warning: ignoring pre-dependency problem!
dpkg: regarding .../sed_4.8-1ubuntu2_armhf.deb containing sed, pre-dependency problem:
 sed pre-depends on libselinux1 (>= 3.1~)
  libselinux1:armhf is unpacked, but has never been configured.

dpkg: warning: ignoring pre-dependency problem!
Preparing to unpack .../sed_4.8-1ubuntu2_armhf.deb ...
Unpacking sed (4.8-1ubuntu2) ...
Selecting previously unselected package sensible-utils.
Preparing to unpack .../sensible-utils_0.0.17_all.deb ...
Unpacking sensible-utils (0.0.17) ...
Selecting previously unselected package sysvinit-utils.
Preparing to unpack .../sysvinit-utils_3.01-1ubuntu1_armhf.deb ...
Unpacking sysvinit-utils (3.01-1ubuntu1) ...
Selecting previously unselected package tar.
dpkg: regarding .../tar_1.34+dfsg-1build3_armhf.deb containing tar, pre-dependency problem:
 tar pre-depends on libacl1 (>= 2.2.23)
  libacl1:armhf is unpacked, but has never been configured.

dpkg: warning: ignoring pre-dependency problem!
dpkg: regarding .../tar_1.34+dfsg-1build3_armhf.deb containing tar, pre-dependency problem:
 tar pre-depends on libselinux1 (>= 3.1~)
  libselinux1:armhf is unpacked, but has never been configured.

dpkg: warning: ignoring pre-dependency problem!
Preparing to unpack .../tar_1.34+dfsg-1build3_armhf.deb ...
Unpacking tar (1.34+dfsg-1build3) ...
Selecting previously unselected package usrmerge.
Preparing to unpack .../usrmerge_25ubuntu2_all.deb ...
Unpacking usrmerge (25ubuntu2) ...
Selecting previously unselected package util-linux.
dpkg: regarding .../util-linux_2.37.2-4ubuntu3_armhf.deb containing util-linux, pre-dependency problem:
 util-linux pre-depends on libaudit1 (>= 1:2.2.1)
  libaudit1:armhf is unpacked, but has never been configured.

dpkg: warning: ignoring pre-dependency problem!
dpkg: regarding .../util-linux_2.37.2-4ubuntu3_armhf.deb containing util-linux, pre-dependency problem:
 util-linux pre-depends on libblkid1 (>= 2.37.2)
  libblkid1:armhf is unpacked, but has never been configured.

dpkg: warning: ignoring pre-dependency problem!
dpkg: regarding .../util-linux_2.37.2-4ubuntu3_armhf.deb containing util-linux, pre-dependency problem:
 util-linux pre-depends on libcap-ng0 (>= 0.7.9)
  libcap-ng0:armhf is unpacked, but has never been configured.

dpkg: warning: ignoring pre-dependency problem!
dpkg: regarding .../util-linux_2.37.2-4ubuntu3_armhf.deb containing util-linux, pre-dependency problem:
 util-linux pre-depends on libcrypt1 (>= 1:4.1.0)
  libcrypt1:armhf is unpacked, but has never been configured.

dpkg: warning: ignoring pre-dependency problem!
dpkg: regarding .../util-linux_2.37.2-4ubuntu3_armhf.deb containing util-linux, pre-dependency problem:
 util-linux pre-depends on libmount1 (>= 2.37.2)
  libmount1:armhf is unpacked, but has never been configured.

dpkg: warning: ignoring pre-dependency problem!
dpkg: regarding .../util-linux_2.37.2-4ubuntu3_armhf.deb containing util-linux, pre-dependency problem:
 util-linux pre-depends on libpam0g (>= 0.99.7.1)
  libpam0g:armhf is unpacked, but has never been configured.

dpkg: warning: ignoring pre-dependency problem!
dpkg: regarding .../util-linux_2.37.2-4ubuntu3_armhf.deb containing util-linux, pre-dependency problem:
 util-linux pre-depends on libselinux1 (>= 3.1~)
  libselinux1:armhf is unpacked, but has never been configured.

dpkg: warning: ignoring pre-dependency problem!
dpkg: regarding .../util-linux_2.37.2-4ubuntu3_armhf.deb containing util-linux, pre-dependency problem:
 util-linux pre-depends on libsmartcols1 (>= 2.34)
  libsmartcols1:armhf is unpacked, but has never been configured.

dpkg: warning: ignoring pre-dependency problem!
dpkg: regarding .../util-linux_2.37.2-4ubuntu3_armhf.deb containing util-linux, pre-dependency problem:
 util-linux pre-depends on libsystemd0
  libsystemd0:armhf is unpacked, but has never been configured.

dpkg: warning: ignoring pre-dependency problem!
dpkg: regarding .../util-linux_2.37.2-4ubuntu3_armhf.deb containing util-linux, pre-dependency problem:
 util-linux pre-depends on libtinfo6 (>= 6)
  libtinfo6:armhf is unpacked, but has never been configured.

dpkg: warning: ignoring pre-dependency problem!
dpkg: regarding .../util-linux_2.37.2-4ubuntu3_armhf.deb containing util-linux, pre-dependency problem:
 util-linux pre-depends on libudev1 (>= 183)
  libudev1:armhf is unpacked, but has never been configured.

dpkg: warning: ignoring pre-dependency problem!
dpkg: regarding .../util-linux_2.37.2-4ubuntu3_armhf.deb containing util-linux, pre-dependency problem:
 util-linux pre-depends on libuuid1 (>= 2.16)
  libuuid1:armhf is unpacked, but has never been configured.

dpkg: warning: ignoring pre-dependency problem!
dpkg: regarding .../util-linux_2.37.2-4ubuntu3_armhf.deb containing util-linux, pre-dependency problem:
 util-linux pre-depends on zlib1g (>= 1:1.1.4)
  zlib1g is not installed.

dpkg: warning: ignoring pre-dependency problem!
Preparing to unpack .../util-linux_2.37.2-4ubuntu3_armhf.deb ...
Unpacking util-linux (2.37.2-4ubuntu3) ...
Selecting previously unselected package zlib1g:armhf.
Preparing to unpack .../zlib1g_1%3a1.2.11.dfsg-2ubuntu9_armhf.deb ...
Unpacking zlib1g:armhf (1:1.2.11.dfsg-2ubuntu9) ...
Setting up lsb-base (11.1.0ubuntu4) ...
Setting up libtirpc-common (1.3.2-2build1) ...
Setting up libaudit-common (1:3.0.7-1build1) ...
Setting up libsemanage-common (3.3-1build2) ...
Setting up gcc-12-base:armhf (12-20220319-1ubuntu1) ...
Setting up ncurses-base (6.3-2) ...
Setting up sensible-utils (0.0.17) ...
Setting up libcrypt1:armhf (1:4.4.27-1) ...
Setting up libgcc-s1:armhf (12-20220319-1ubuntu1) ...
Setting up libc6:armhf (2.35-0ubuntu3) ...
/var/lib/dpkg/info/libc6:armhf.postinst: 52: which: not found
Setting up libudev1:armhf (249.11-0ubuntu3) ...
Setting up libattr1:armhf (1:2.5.1-1build1) ...
Setting up sysvinit-utils (3.01-1ubuntu1) ...
Setting up debianutils (5.5-1ubuntu2) ...
update-alternatives: using /usr/bin/which.debianutils to provide /usr/bin/which (which) in auto mode
Setting up mawk (1.3.4.20200120-3) ...
Setting up libdebconfclient0:armhf (0.261ubuntu1) ...
Setting up base-files (12ubuntu4) ...
Setting up libbz2-1.0:armhf (1.0.8-5build1) ...
Setting up base-passwd (3.5.52build1) ...
Setting up libdb5.3:armhf (5.3.28+dfsg1-0.8ubuntu3) ...
Setting up libblkid1:armhf (2.37.2-4ubuntu3) ...
Setting up libtinfo6:armhf (6.3-2) ...
Setting up bash (5.1-6ubuntu1) ...
update-alternatives: using /usr/share/man/man7/bash-builtins.7.gz to provide /usr/share/man/man7/builtins.7.gz (builtins.7.gz) in auto mode
Setting up libzstd1:armhf (1.4.8+dfsg-3build1) ...
Setting up libkeyutils1:armhf (1.6.1-2ubuntu3) ...
Setting up liblzma5:armhf (5.2.5-2ubuntu1) ...
Setting up libgpg-error0:armhf (1.43-3) ...
Setting up liblz4-1:armhf (1.9.3-2build2) ...
Setting up libc-bin (2.35-0ubuntu3) ...
Setting up ncurses-bin (6.3-2) ...
Setting up libacl1:armhf (2.3.1-1) ...
Setting up libsmartcols1:armhf (2.37.2-4ubuntu3) ...
Setting up libgcrypt20:armhf (1.9.4-3ubuntu3) ...
Setting up zlib1g:armhf (1:1.2.11.dfsg-2ubuntu9) ...
Setting up libcom-err2:armhf (1.46.5-2ubuntu1) ...
Setting up diffutils (1:3.8-0ubuntu2) ...
Setting up libcap2:armhf (1:2.44-1build3) ...
Setting up libkrb5support0:armhf (1.19.2-2) ...
Setting up hostname (3.23ubuntu2) ...
Setting up libpcre3:armhf (2:8.39-13build5) ...
Setting up libcap-ng0:armhf (0.7.9-2.2build3) ...
Setting up libext2fs2:armhf (1.46.5-2ubuntu1) ...
Setting up libgmp10:armhf (2:6.2.1+dfsg-3ubuntu1) ...
Setting up libncurses6:armhf (6.3-2) ...
Setting up libaudit1:armhf (1:3.0.7-1build1) ...
Setting up libuuid1:armhf (2.37.2-4ubuntu3) ...
Setting up libss2:armhf (1.46.5-2ubuntu1) ...
Setting up libsepol2:armhf (3.3-1build1) ...
Setting up libpcre2-8-0:armhf (10.39-3build1) ...
Setting up libncursesw6:armhf (6.3-2) ...
Setting up libk5crypto3:armhf (1.19.2-2) ...
Setting up logsave (1.46.5-2ubuntu1) ...
Setting up e2fsprogs (1.46.5-2ubuntu1) ...
Setting up libsystemd0:armhf (249.11-0ubuntu3) ...
Setting up libselinux1:armhf (3.3-1build2) ...
Setting up sed (4.8-1ubuntu2) ...
Setting up findutils (4.8.0-1ubuntu3) ...
Setting up libmount1:armhf (2.37.2-4ubuntu3) ...
Setting up libsemanage2:armhf (3.3-1build2) ...
Setting up libprocps8:armhf (2:3.3.17-6ubuntu2) ...
Setting up bsdutils (1:2.37.2-4ubuntu3) ...
Setting up tar (1.34+dfsg-1build3) ...
update-alternatives: using /usr/sbin/rmt-tar to provide /usr/sbin/rmt (rmt) in auto mode
Setting up coreutils (8.32-4.1ubuntu1) ...
Setting up dpkg (1.21.1ubuntu2) ...
Setting up mount (2.37.2-4ubuntu3) ...
Setting up grep (3.7-1build1) ...
Setting up perl-base (5.34.0-3ubuntu1) ...
Setting up init-system-helpers (1.62) ...
Setting up gzip (1.10-4ubuntu4) ...
Setting up usrmerge (25ubuntu2) ...
Setting up procps (2:3.3.17-6ubuntu2) ...
Setting up debconf (1.5.79ubuntu1) ...
Setting up libpam0g:armhf (1.4.0-11ubuntu2) ...
Setting up util-linux (2.37.2-4ubuntu3) ...
update-alternatives: using /bin/more to provide /usr/bin/pager (pager) in auto mode
Setting up dash (0.5.11+git20210903+057cd650a4ed-3build1) ...
No diversion 'diversion of /bin/sh by bash', none removed.
Adding 'diversion of /bin/sh to /bin/sh.distrib by dash'
No diversion 'diversion of /usr/share/man/man1/sh.1.gz by bash', none removed.
Adding 'diversion of /usr/share/man/man1/sh.1.gz to /usr/share/man/man1/sh.distrib.1.gz by dash'
Setting up libpam-modules-bin (1.4.0-11ubuntu2) ...
Setting up libssl3:armhf (3.0.2-0ubuntu1) ...
Setting up libkrb5-3:armhf (1.19.2-2) ...
Setting up libgssapi-krb5-2:armhf (1.19.2-2) ...
Setting up libtirpc3:armhf (1.3.2-2build1) ...
Setting up libnsl2:armhf (1.3.0-2build2) ...
Setting up libpam-modules:armhf (1.4.0-11ubuntu2) ...
Setting up passwd (1:4.8.1-2ubuntu2) ...
Shadow passwords are now on.
Setting up libpam-runtime (1.4.0-11ubuntu2) ...
Setting up login (1:4.8.1-2ubuntu2) ...
Processing triggers for libc-bin (2.35-0ubuntu3) ...
(Reading database ... 3913 files and directories currently installed.)
Preparing to unpack .../adduser_3.118ubuntu5_all.deb ...
Unpacking adduser (3.118ubuntu5) ...
Preparing to unpack .../archives/apt_2.4.5_armhf.deb ...
Unpacking apt (2.4.5) ...
Preparing to unpack .../gpgv_2.2.27-3ubuntu2_armhf.deb ...
Unpacking gpgv (2.2.27-3ubuntu2) ...
Preparing to unpack .../libapt-pkg6.0_2.4.5_armhf.deb ...
Unpacking libapt-pkg6.0:armhf (2.4.5) ...
Preparing to unpack .../libffi8_3.4.2-4_armhf.deb ...
Unpacking libffi8:armhf (3.4.2-4) ...
Preparing to unpack .../libgnutls30_3.7.3-4ubuntu1_armhf.deb ...
Unpacking libgnutls30:armhf (3.7.3-4ubuntu1) ...
Preparing to unpack .../libhogweed6_3.7.3-1build2_armhf.deb ...
Unpacking libhogweed6:armhf (3.7.3-1build2) ...
Preparing to unpack .../libidn2-0_2.3.2-2build1_armhf.deb ...
Unpacking libidn2-0:armhf (2.3.2-2build1) ...
Preparing to unpack .../libnettle8_3.7.3-1build2_armhf.deb ...
Unpacking libnettle8:armhf (3.7.3-1build2) ...
Preparing to unpack .../libp11-kit0_0.24.0-6build1_armhf.deb ...
Unpacking libp11-kit0:armhf (0.24.0-6build1) ...
Preparing to unpack .../libseccomp2_2.5.3-2ubuntu2_armhf.deb ...
Unpacking libseccomp2:armhf (2.5.3-2ubuntu2) ...
Preparing to unpack .../libstdc++6_12-20220319-1ubuntu1_armhf.deb ...
Unpacking libstdc++6:armhf (12-20220319-1ubuntu1) ...
Preparing to unpack .../libtasn1-6_4.18.0-4build1_armhf.deb ...
Unpacking libtasn1-6:armhf (4.18.0-4build1) ...
Preparing to unpack .../libunistring2_1.0-1_armhf.deb ...
Unpacking libunistring2:armhf (1.0-1) ...
Preparing to unpack .../libxxhash0_0.8.1-1_armhf.deb ...
Unpacking libxxhash0:armhf (0.8.1-1) ...
Preparing to unpack .../ubuntu-keyring_2021.03.26_all.deb ...
Unpacking ubuntu-keyring (2021.03.26) ...
Processing triggers for libc-bin (2.35-0ubuntu3) ...
Setting up adduser (3.118ubuntu5) ...
Setting up libunistring2:armhf (1.0-1) ...
Setting up libidn2-0:armhf (2.3.2-2build1) ...
Setting up ubuntu-keyring (2021.03.26) ...
Setting up libseccomp2:armhf (2.5.3-2ubuntu2) ...
Setting up libnettle8:armhf (3.7.3-1build2) ...
Setting up libffi8:armhf (3.4.2-4) ...
Setting up gpgv (2.2.27-3ubuntu2) ...
Setting up libxxhash0:armhf (0.8.1-1) ...
Setting up libtasn1-6:armhf (4.18.0-4build1) ...
Setting up libstdc++6:armhf (12-20220319-1ubuntu1) ...
Setting up libhogweed6:armhf (3.7.3-1build2) ...
Setting up libapt-pkg6.0:armhf (2.4.5) ...
Setting up libp11-kit0:armhf (0.24.0-6build1) ...
Setting up libgnutls30:armhf (3.7.3-4ubuntu1) ...
Setting up apt (2.4.5) ...
Processing triggers for libc-bin (2.35-0ubuntu3) ...
